<?xml version="1.0" encoding="UTF-8"?>
<!-- Generated by org.testng.reporters.JUnitXMLReporter -->
<testsuite ignored="0" hostname="Yugandharas-MacBook-Pro.local" failures="1" tests="1" name="Surefire test" time="10.715" errors="0" timestamp="2020-08-10T20:09:35 IST">
  <testcase classname="CompareWeatherTest" name="CompareTempHumidityTest" time="10.679">
    <failure type="java.lang.AssertionError" message="expected [WeatherPOJO(temp=23.56, humidity=78.0)] but found [WeatherPOJO(temp=24.0, humidity=86.0)]">
      <![CDATA[java.lang.AssertionError: expected [WeatherPOJO(temp=23.56, humidity=78.0)] but found [WeatherPOJO(temp=24.0, humidity=86.0)]
at CompareWeatherTest.CompareTempHumidityTest(CompareWeatherTest.java:26)
at java.base/java.util.ArrayList.forEach(ArrayList.java:1540)
... Removed 37 stack frames]]>
    </failure>
  </testcase> <!-- CompareTempHumidityTest -->
</testsuite> <!-- Surefire test -->
