-------------------------------------------------------------------------------
Test set: CompareWeatherTest
-------------------------------------------------------------------------------
Tests run: 1, Failures: 1, Errors: 0, Skipped: 0, Time elapsed: 16.034 s <<< FAILURE! - in CompareWeatherTest
CompareWeatherTest.CompareTempHumidityTest  Time elapsed: 10.686 s  <<< FAILURE!
java.lang.AssertionError: expected [WeatherPOJO(temp=23.56, humidity=78.0)] but found [WeatherPOJO(temp=24.0, humidity=86.0)]
	at CompareWeatherTest.CompareTempHumidityTest(CompareWeatherTest.java:26)

