<?xml version="1.0" encoding="UTF-8"?>
<testsuite xmlns:xsi="http://www.w3.org/2001/XMLSchema-instance" xsi:noNamespaceSchemaLocation="https://maven.apache.org/surefire/maven-surefire-plugin/xsd/surefire-test-report-3.0.xsd" version="3.0" name="CompareWeatherTest" time="16.034" tests="1" errors="0" skipped="0" failures="1">
  <properties>
[...]
</properties>
  <testcase name="CompareTempHumidityTest" classname="CompareWeatherTest" time="10.686">
    <failure message="expected [WeatherPOJO(temp=23.56, humidity=78.0)] but found [WeatherPOJO(temp=24.0, humidity=86.0)]" type="java.lang.AssertionError"><![CDATA[java.lang.AssertionError: expected [WeatherPOJO(temp=23.56, humidity=78.0)] but found [WeatherPOJO(temp=24.0, humidity=86.0)]
	at CompareWeatherTest.CompareTempHumidityTest(CompareWeatherTest.java:26)
]]></failure>
    <system-out><![CDATA[UI result- Temp: 24.0, Humidity: 86.0
API result- Temp: 23.56, Humidity: 78.0
]]></system-out>
    <system-err><![CDATA[SLF4J: Failed to load class "org.slf4j.impl.StaticLoggerBinder".
SLF4J: Defaulting to no-operation (NOP) logger implementation
SLF4J: See http://www.slf4j.org/codes.html#StaticLoggerBinder for further details.
Starting ChromeDriver 84.0.4147.30 (48b3e868b4cc0aa7e8149519690b6f6949e110a8-refs/branch-heads/4147@{#310}) on port 2419
Only local connections are allowed.
Please see https://chromedriver.chromium.org/security-considerations for suggestions on keeping ChromeDriver safe.
ChromeDriver was started successfully.
Aug 10, 2020 8:09:21 PM org.openqa.selenium.remote.ProtocolHandshake createSession
INFO: Detected dialect: W3C
]]></system-err>
  </testcase>
</testsuite>